<?xml version="1.0" encoding="UTF-8"?>
<!-- Generated by org.testng.reporters.JUnitReportReporter -->
<testsuite skipped="0" hostname="DESKTOP-FH77DVK" name="TestNG_pilotUi2.uploadFile_Duplicate" tests="1" failures="0" timestamp="10 Nov 2023 07:29:19 GMT" time="27.198" errors="0">
  <testcase name="UploadFile" time="27.198" classname="TestNG_pilotUi2.uploadFile_Duplicate"/>
</testsuite> <!-- TestNG_pilotUi2.uploadFile_Duplicate -->
