<?xml version="1.0" encoding="UTF-8"?>
<!-- Generated by org.testng.reporters.JUnitReportReporter -->
<testsuite skipped="0" hostname="DESKTOP-FH77DVK" name="Testing_pilotUi.Upload_File" tests="1" failures="0" timestamp="04 Nov 2023 07:11:32 GMT" time="13.370" errors="0">
  <testcase name="UploadFile" time="13.370" classname="Testing_pilotUi.Upload_File"/>
</testsuite> <!-- Testing_pilotUi.Upload_File -->
