<?xml version="1.0" encoding="UTF-8"?>
<!-- Generated by org.testng.reporters.JUnitReportReporter -->
<testsuite skipped="0" hostname="DESKTOP-FH77DVK" name="Vsquare2.LoginPage" tests="1" failures="0" timestamp="03 Nov 2023 12:37:51 GMT" time="10.889" errors="0">
  <testcase name="Login" time="10.889" classname="Vsquare2.LoginPage"/>
</testsuite> <!-- Vsquare2.LoginPage -->
