<?xml version="1.0" encoding="UTF-8"?>
<!-- Generated by org.testng.reporters.JUnitReportReporter -->
<testsuite skipped="0" hostname="DESKTOP-FH77DVK" name="Testing_pilotUi.Upload_File2" tests="1" failures="0" timestamp="04 Nov 2023 07:22:23 GMT" time="27.280" errors="0">
  <testcase name="UploadFile" time="27.280" classname="Testing_pilotUi.Upload_File2"/>
</testsuite> <!-- Testing_pilotUi.Upload_File2 -->
