<?xml version="1.0" encoding="UTF-8"?>
<!-- Generated by org.testng.reporters.JUnitReportReporter -->
<testsuite skipped="0" hostname="DESKTOP-FH77DVK" name="TestNG_pilotUi.uploadFile_Duplicate" tests="1" failures="0" timestamp="06 Nov 2023 09:46:54 GMT" time="27.586" errors="0">
  <testcase name="UploadFile" time="27.586" classname="TestNG_pilotUi.uploadFile_Duplicate"/>
</testsuite> <!-- TestNG_pilotUi.uploadFile_Duplicate -->
