<?xml version="1.0" encoding="UTF-8"?>
<!-- Generated by org.testng.reporters.JUnitReportReporter -->
<testsuite skipped="0" hostname="DESKTOP-FH77DVK" name="Upload_File.Upload_File" tests="1" failures="0" timestamp="10 Nov 2023 04:16:22 GMT" time="40.037" errors="0">
  <testcase name="UploadFile" time="40.037" classname="Upload_File.Upload_File"/>
</testsuite> <!-- Upload_File.Upload_File -->
