<?xml version="1.0" encoding="UTF-8"?>
<!-- Generated by org.testng.reporters.JUnitReportReporter -->
<testsuite skipped="0" hostname="DESKTOP-FH77DVK" name="PilotUi_Trail.LoginPage" tests="1" failures="0" timestamp="04 Nov 2023 04:45:17 GMT" time="9.948" errors="0">
  <testcase name="Login" time="9.948" classname="PilotUi_Trail.LoginPage"/>
</testsuite> <!-- PilotUi_Trail.LoginPage -->
