<?xml version="1.0" encoding="UTF-8"?>
<!-- Generated by org.testng.reporters.JUnitReportReporter -->
<testsuite skipped="0" hostname="DESKTOP-FH77DVK" name="Testing_pilotUi.uploadFile_success" tests="1" failures="0" timestamp="04 Nov 2023 07:54:01 GMT" time="20.198" errors="0">
  <testcase name="UploadFile" time="20.198" classname="Testing_pilotUi.uploadFile_success"/>
</testsuite> <!-- Testing_pilotUi.uploadFile_success -->
