<?xml version="1.0" encoding="UTF-8"?>
<!-- Generated by org.testng.reporters.JUnitReportReporter -->
<testsuite skipped="0" hostname="DESKTOP-FH77DVK" name="Websites.EdgeWebsite" tests="1" failures="0" timestamp="10 Nov 2023 10:56:07 GMT" time="45.977" errors="0">
  <testcase name="UploadFile" time="45.977" classname="Websites.EdgeWebsite"/>
</testsuite> <!-- Websites.EdgeWebsite -->
