<?xml version="1.0" encoding="UTF-8"?>
<!-- Generated by org.testng.reporters.JUnitReportReporter -->
<testsuite skipped="0" hostname="DESKTOP-FH77DVK" name="Testing_pilotUi.Open_Url" tests="1" failures="0" timestamp="04 Nov 2023 07:57:22 GMT" time="5.406" errors="0">
  <testcase name="UploadFile" time="5.406" classname="Testing_pilotUi.Open_Url"/>
</testsuite> <!-- Testing_pilotUi.Open_Url -->
