<?xml version="1.0" encoding="UTF-8"?>
<!-- Generated by org.testng.reporters.JUnitReportReporter -->
<testsuite skipped="0" hostname="DESKTOP-FH77DVK" name="Upload_File.UploadFile_duplicate_Invalid_File" tests="1" failures="0" timestamp="10 Nov 2023 07:23:23 GMT" time="42.973" errors="0">
  <testcase name="UploadFile" time="42.973" classname="Upload_File.UploadFile_duplicate_Invalid_File"/>
</testsuite> <!-- Upload_File.UploadFile_duplicate_Invalid_File -->
